<?xml version="1.0" encoding="UTF-8"?>
<testsuite xmlns:xsi="http://www.w3.org/2001/XMLSchema-instance" xsi:noNamespaceSchemaLocation="https://maven.apache.org/surefire/maven-surefire-plugin/xsd/surefire-test-report.xsd" version="3.0.2" name="com.example.user.userApplicationTests" time="1.8" tests="1" errors="0" skipped="0" failures="0">
  <properties>
[...]
</properties>
  <testcase name="contextLoads" classname="com.example.user.userApplicationTests" time="0.432">
    <system-out><![CDATA[20:43:57.490 [main] INFO org.springframework.test.context.support.AnnotationConfigContextLoaderUtils -- Could not detect default configuration classes for test class [com.example.user.userApplicationTests]: userApplicationTests does not declare any static, non-private, non-final, nested classes annotated with @Configuration.
20:43:57.540 [main] INFO org.springframework.boot.test.context.SpringBootTestContextBootstrapper -- Found @SpringBootConfiguration com.example.user.UserApplication for test class com.example.user.userApplicationTests
20:43:57.606 [main] INFO org.springframework.boot.devtools.restart.RestartApplicationListener -- Restart disabled due to context in which it is running

  .   ____          _            __ _ _
 /\\ / ___'_ __ _ _(_)_ __  __ _ \ \ \ \
( ( )\___ | '_ | '_| | '_ \/ _` | \ \ \ \
 \\/  ___)| |_)| | | | | || (_| |  ) ) ) )
  '  |____| .__|_| |_|_| |_\__, | / / / /
 =========|_|==============|___/=/_/_/_/

 :: Spring Boot ::                (v3.4.0)

2024-12-12T20:43:57.723+03:00  INFO 67428 --- [user] [           main] com.example.user.userApplicationTests    : Starting userApplicationTests using Java 23.0.1 with PID 67428 (started by alexey in /Users/alexey/IdeaProjects/learning-management-system/user_service)
2024-12-12T20:43:57.724+03:00  INFO 67428 --- [user] [           main] com.example.user.userApplicationTests    : No active profile set, falling back to 1 default profile: "default"
2024-12-12T20:43:58.436+03:00  INFO 67428 --- [user] [           main] g.s.a.GrpcServerFactoryAutoConfiguration : Detected grpc-netty-shaded: Creating ShadedNettyGrpcServerFactory
2024-12-12T20:43:58.556+03:00  INFO 67428 --- [user] [           main] o.s.b.a.e.web.EndpointLinksResolver      : Exposing 1 endpoint beneath base path '/actuator'
2024-12-12T20:43:58.629+03:00  INFO 67428 --- [user] [           main] n.d.b.g.s.s.AbstractGrpcServerFactory    : Registered gRPC service: Greeter, bean: helloWorldService, class: com.example.user.service.HelloWorldService
2024-12-12T20:43:58.630+03:00  INFO 67428 --- [user] [           main] n.d.b.g.s.s.AbstractGrpcServerFactory    : Registered gRPC service: grpc.health.v1.Health, bean: grpcHealthService, class: io.grpc.protobuf.services.HealthServiceImpl
2024-12-12T20:43:58.630+03:00  INFO 67428 --- [user] [           main] n.d.b.g.s.s.AbstractGrpcServerFactory    : Registered gRPC service: grpc.reflection.v1alpha.ServerReflection, bean: protoReflectionService, class: io.grpc.protobuf.services.ProtoReflectionService
2024-12-12T20:43:58.693+03:00  INFO 67428 --- [user] [           main] n.d.b.g.s.s.GrpcServerLifecycle          : gRPC Server started, listening on address: *, port: 9090
2024-12-12T20:43:58.707+03:00  INFO 67428 --- [user] [           main] com.example.user.userApplicationTests    : Started userApplicationTests in 1.106 seconds (process running for 1.582)
]]></system-out>
    <system-err><![CDATA[Mockito is currently self-attaching to enable the inline-mock-maker. This will no longer work in future releases of the JDK. Please add Mockito as an agent to your build what is described in Mockito's documentation: https://javadoc.io/doc/org.mockito/mockito-core/latest/org/mockito/Mockito.html#0.3
WARNING: A Java agent has been loaded dynamically (/Users/alexey/.m2/repository/net/bytebuddy/byte-buddy-agent/1.15.10/byte-buddy-agent-1.15.10.jar)
WARNING: If a serviceability tool is in use, please run with -XX:+EnableDynamicAgentLoading to hide this warning
WARNING: If a serviceability tool is not in use, please run with -Djdk.instrument.traceUsage for more information
WARNING: Dynamic loading of agents will be disallowed by default in a future release
]]></system-err>
  </testcase>
</testsuite>